<?xml version="1.0" encoding="UTF-8"?>
<testsuites>
  <testsuite name="fastlane.lanes">
    
    
    
      
      <testcase classname="fastlane.lanes" name="0: default_platform" time="0.000327">
        
      </testcase>
    
      
      <testcase classname="fastlane.lanes" name="1: assembleDebug" time="3.611016">
        
          <failure message="/Library/Ruby/Gems/2.6.0/gems/fastlane-2.228.0/fastlane/lib/fastlane/actions/actions_helper.rb:67:in `execute_action'&#10;/Library/Ruby/Gems/2.6.0/gems/fastlane-2.228.0/fastlane/lib/fastlane/runner.rb:255:in `block in execute_action'&#10;/Library/Ruby/Gems/2.6.0/gems/fastlane-2.228.0/fastlane/lib/fastlane/runner.rb:229:in `chdir'&#10;/Library/Ruby/Gems/2.6.0/gems/fastlane-2.228.0/fastlane/lib/fastlane/runner.rb:229:in `execute_action'&#10;/Library/Ruby/Gems/2.6.0/gems/fastlane-2.228.0/fastlane/lib/fastlane/runner.rb:157:in `trigger_action_by_name'&#10;/Library/Ruby/Gems/2.6.0/gems/fastlane-2.228.0/fastlane/lib/fastlane/fast_file.rb:159:in `method_missing'&#10;Fastfile:50:in `block (2 levels) in parsing_binding'&#10;/Library/Ruby/Gems/2.6.0/gems/fastlane-2.228.0/fastlane/lib/fastlane/lane.rb:41:in `call'&#10;/Library/Ruby/Gems/2.6.0/gems/fastlane-2.228.0/fastlane/lib/fastlane/runner.rb:49:in `block in execute'&#10;/Library/Ruby/Gems/2.6.0/gems/fastlane-2.228.0/fastlane/lib/fastlane/runner.rb:45:in `chdir'&#10;/Library/Ruby/Gems/2.6.0/gems/fastlane-2.228.0/fastlane/lib/fastlane/runner.rb:45:in `execute'&#10;/Library/Ruby/Gems/2.6.0/gems/fastlane-2.228.0/fastlane/lib/fastlane/lane_manager.rb:46:in `cruise_lane'&#10;/Library/Ruby/Gems/2.6.0/gems/fastlane-2.228.0/fastlane/lib/fastlane/command_line_handler.rb:34:in `handle'&#10;/Library/Ruby/Gems/2.6.0/gems/fastlane-2.228.0/fastlane/lib/fastlane/commands_generator.rb:110:in `block (2 levels) in run'&#10;/Library/Ruby/Gems/2.6.0/gems/commander-4.6.0/lib/commander/command.rb:187:in `call'&#10;/Library/Ruby/Gems/2.6.0/gems/commander-4.6.0/lib/commander/command.rb:157:in `run'&#10;/Library/Ruby/Gems/2.6.0/gems/commander-4.6.0/lib/commander/runner.rb:444:in `run_active_command'&#10;/Library/Ruby/Gems/2.6.0/gems/fastlane-2.228.0/fastlane_core/lib/fastlane_core/ui/fastlane_runner.rb:124:in `run!'&#10;/Library/Ruby/Gems/2.6.0/gems/commander-4.6.0/lib/commander/delegates.rb:18:in `run!'&#10;/Library/Ruby/Gems/2.6.0/gems/fastlane-2.228.0/fastlane/lib/fastlane/commands_generator.rb:363:in `run'&#10;/Library/Ruby/Gems/2.6.0/gems/fastlane-2.228.0/fastlane/lib/fastlane/commands_generator.rb:43:in `start'&#10;/Library/Ruby/Gems/2.6.0/gems/fastlane-2.228.0/fastlane/lib/fastlane/cli_tools_distributor.rb:123:in `take_off'&#10;/Library/Ruby/Gems/2.6.0/gems/fastlane-2.228.0/bin/fastlane:23:in `&lt;top (required)&gt;'&#10;/usr/local/bin/fastlane:23:in `load'&#10;/usr/local/bin/fastlane:23:in `&lt;main&gt;'&#10;&#10;Exit status of command '/Users/dongpilkwak/AndroidStudioProjects/GithubAction/gradlew assembleDebug -p .' was 1 instead of 0.&#10;&gt; Task :app:preBuild UP-TO-DATE&#10;&gt; Task :app:preDebugBuild UP-TO-DATE&#10;&gt; Task :app:mergeDebugNativeDebugMetadata NO-SOURCE&#10;&gt; Task :app:checkKotlinGradlePluginConfigurationErrors SKIPPED&#10;&gt; Task :app:checkDebugAarMetadata UP-TO-DATE&#10;&gt; Task :app:generateDebugResValues UP-TO-DATE&#10;&gt; Task :app:mapDebugSourceSetPaths UP-TO-DATE&#10;&gt; Task :app:generateDebugResources UP-TO-DATE&#10;&gt; Task :app:mergeDebugResources UP-TO-DATE&#10;&gt; Task :app:packageDebugResources UP-TO-DATE&#10;&gt; Task :app:parseDebugLocalResources UP-TO-DATE&#10;&gt; Task :app:createDebugCompatibleScreenManifests UP-TO-DATE&#10;&gt; Task :app:extractDeepLinksDebug UP-TO-DATE&#10;&gt; Task :app:processDebugMainManifest UP-TO-DATE&#10;&gt; Task :app:processDebugManifest UP-TO-DATE&#10;&gt; Task :app:processDebugManifestForPackage UP-TO-DATE&#10;&gt; Task :app:processDebugResources UP-TO-DATE&#10;&gt; Task :app:kaptGenerateStubsDebugKotlin UP-TO-DATE&#10;&gt; Task :app:kaptDebugKotlin UP-TO-DATE&#10;&gt; Task :app:compileDebugKotlin UP-TO-DATE&#10;&gt; Task :app:javaPreCompileDebug UP-TO-DATE&#10;&gt; Task :app:compileDebugJavaWithJavac FAILED&#10;&#10;FAILURE: Build failed with an exception.&#10;&#10;* What went wrong:&#10;Execution failed for task ':app:compileDebugJavaWithJavac'.&#10;&gt; Could not resolve all files for configuration ':app:androidJdkImage'.&#10;   &gt; Failed to transform core-for-system-modules.jar to match attributes {artifactType=_internal_android_jdk_image, org.gradle.libraryelements=jar, org.gradle.usage=java-runtime}.&#10;      &gt; Execution failed for JdkImageTransform: /Users/dongpilkwak/Library/Android/sdk/platforms/android-36/core-for-system-modules.jar.&#10;         &gt; Error while executing process /Users/dongpilkwak/Library/Java/JavaVirtualMachines/graalvm-jdk-21.0.7/Contents/Home/bin/jlink with arguments {--module-path /Users/dongpilkwak/.gradle/caches/8.13/transforms/6aa090fac67d7eef682086951ff63440-892acceb-65a2-4d1c-aa01-5ec9eb525e92/transformed/output/temp/jmod --add-modules java.base --output /Users/dongpilkwak/.gradle/caches/8.13/transforms/6aa090fac67d7eef682086951ff63440-892acceb-65a2-4d1c-aa01-5ec9eb525e92/transformed/output/jdkImage --disable-plugin system-modules}&#10;&#10;* Try:&#10;&gt; Run with --stacktrace option to get the stack trace.&#10;&gt; Run with --info or --debug option to get more log output.&#10;&gt; Run with --scan to get full insights.&#10;&gt; Get more help at https://help.gradle.org.&#10;&#10;BUILD FAILED in 3s&#10;18 actionable tasks: 1 executed, 17 up-to-date&#10;" />
        
      </testcase>
    
  </testsuite>
</testsuites>
